<?xml version="1.0" encoding="UTF-8"?>
<Site BuildName="(empty)"
	BuildStamp="20240507-0249-Experimental"
	Name="qinmanting-OMEN-Laptop-15-ek0xxx"
	Generator="ctest-3.16.3"
	CompilerName="/usr/bin/c++"
	CompilerVersion="9.4.0"
	OSName="Linux"
	Hostname="qinmanting-OMEN-Laptop-15-ek0xxx"
	OSRelease="5.15.0-105-generic"
	OSVersion="#115~20.04.1-Ubuntu SMP Mon Apr 15 17:33:04 UTC 2024"
	OSPlatform="x86_64"
	Is64Bits="1"
	VendorString="GenuineIntel"
	VendorID="Intel Corporation"
	FamilyID="6"
	ModelID="165"
	ProcessorCacheSize="8192"
	NumberOfLogicalCPU="8"
	NumberOfPhysicalCPU="4"
	TotalVirtualMemory="2047"
	TotalPhysicalMemory="15755"
	LogicalProcessorsPerPhysical="2"
	ProcessorClockFrequency="3421.18"
	>
	<Testing>
		<StartDateTime>May 07 10:49 CST</StartDateTime>
		<StartTestTime>1715050175</StartTestTime>
		<TestList/>
		<EndDateTime>May 07 10:49 CST</EndDateTime>
		<EndTestTime>1715050175</EndTestTime>
		<ElapsedMinutes>0</ElapsedMinutes>
	</Testing>
</Site>
